Dev/build/app/intermediates/manifest_merge_blame_file/debug/manifest-merger-blame-debug-report.txt
1<?xml version="1.0" encoding="utf-8"?>
2<manifest xmlns:android="http://schemas.android.com/apk/res/android"
3    package="com.example.petbook"
4    android:versionCode="1"
5    android:versionName="1.0.0" >
6
7    <uses-sdk
8        android:minSdkVersion="20"
9        android:targetSdkVersion="31" />
10    <!--
11         The INTERNET permission is required for development. Specifically,
12         the Flutter tool needs it to communicate with the running application
13         to allow setting breakpoints, to provide hot reload, etc.
14    -->
15    <uses-permission android:name="android.permission.INTERNET" />
15-->src/debug/AndroidManifest.xml:7:5-66
15-->src/debug/AndroidManifest.xml:7:22-64
16    <uses-permission android:name="android.permission.ACCESS_NETWORK_STATE" />
16-->[com.google.firebase:firebase-auth:21.1.0] AndroidManifest.xml:24:5-79
16-->[com.google.firebase:firebase-auth:21.1.0] AndroidManifest.xml:24:22-76
17
18    <uses-feature
18-->[com.google.android.gms:play-services-maps:18.1.0] AndroidManifest.xml:26:5-28:35
19        android:glEsVersion="0x00020000"
19-->[com.google.android.gms:play-services-maps:18.1.0] AndroidManifest.xml:27:9-41
20        android:required="true" />
20-->[com.google.android.gms:play-services-maps:18.1.0] AndroidManifest.xml:28:9-32
21
22    <queries>
22-->[com.google.android.gms:play-services-maps:18.1.0] AndroidManifest.xml:30:5-34:15
23
24        <!-- Needs to be explicitly declared on Android R+ -->
25        <package android:name="com.google.android.apps.maps" />
25-->[com.google.android.gms:play-services-maps:18.1.0] AndroidManifest.xml:33:9-64
25-->[com.google.android.gms:play-services-maps:18.1.0] AndroidManifest.xml:33:18-61
26    </queries>
27
28    <application
29        android:name="android.app.Application"
30        android:appComponentFactory="androidx.core.app.CoreComponentFactory"
30-->[androidx.core:core:1.8.0] AndroidManifest.xml:24:18-86
31        android:debuggable="true"
32        android:icon="@mipmap/ic_launcher"
33        android:label="petbook" >
34        <activity
35            android:name="com.example.petbook.MainActivity"
36            android:configChanges="orientation|keyboardHidden|keyboard|screenSize|smallestScreenSize|locale|layoutDirection|fontScale|screenLayout|density|uiMode"
37            android:exported="true"
38            android:hardwareAccelerated="true"
39            android:launchMode="singleTop"
40            android:theme="@style/LaunchTheme"
41            android:windowSoftInputMode="adjustResize" >
42
43            <!--
44                 Specifies an Android theme to apply to this Activity as soon as
45                 the Android process has started. This theme is visible to the user
46                 while the Flutter UI initializes. After that, this theme continues
47                 to determine the Window background behind the Flutter UI.
48            -->
49            <meta-data
50                android:name="io.flutter.embedding.android.NormalTheme"
51                android:resource="@style/NormalTheme" />
52            <meta-data
53                android:name="com.google.android.geo.API_KEY"
54                android:value="AIzaSyBzX4b7Zlv7ibMEGJJ_dgidcB0oGrJ8KZE" />
55
56            <intent-filter>
57                <action android:name="android.intent.action.MAIN" />
58
59                <category android:name="android.intent.category.LAUNCHER" />
60            </intent-filter>
61        </activity>
62        <!--
63             Don't delete the meta-data below.
64             This is used by the Flutter tool to generate GeneratedPluginRegistrant.java
65        -->
66        <meta-data
67            android:name="flutterEmbedding"
68            android:value="2" />
69
70        <service
70-->[:firebase_auth] AndroidManifest.xml:10:9-14:19
71            android:name="com.google.firebase.components.ComponentDiscoveryService"
71-->[:firebase_auth] AndroidManifest.xml:10:18-89
72            android:directBootAware="true"
72-->[com.google.firebase:firebase-common:20.2.0] AndroidManifest.xml:34:13-43
73            android:exported="false" >
73-->[com.google.firebase:firebase-auth:21.1.0] AndroidManifest.xml:66:13-37
74            <meta-data
74-->[:firebase_auth] AndroidManifest.xml:11:13-13:85
75                android:name="com.google.firebase.components:io.flutter.plugins.firebase.auth.FlutterFirebaseAuthRegistrar"
75-->[:firebase_auth] AndroidManifest.xml:12:17-124
76                android:value="com.google.firebase.components.ComponentRegistrar" />
76-->[:firebase_auth] AndroidManifest.xml:13:17-82
77            <meta-data
77-->[:firebase_storage] AndroidManifest.xml:11:13-13:85
78                android:name="com.google.firebase.components:io.flutter.plugins.firebase.storage.FlutterFirebaseAppRegistrar"
78-->[:firebase_storage] AndroidManifest.xml:12:17-126
79                android:value="com.google.firebase.components.ComponentRegistrar" />
79-->[:firebase_storage] AndroidManifest.xml:13:17-82
80            <meta-data
80-->[:cloud_firestore] AndroidManifest.xml:11:13-13:85
81                android:name="com.google.firebase.components:io.flutter.plugins.firebase.firestore.FlutterFirebaseFirestoreRegistrar"
81-->[:cloud_firestore] AndroidManifest.xml:12:17-134
82                android:value="com.google.firebase.components.ComponentRegistrar" />
82-->[:cloud_firestore] AndroidManifest.xml:13:17-82
83            <meta-data
83-->[:firebase_core] AndroidManifest.xml:11:13-13:85
84                android:name="com.google.firebase.components:io.flutter.plugins.firebase.core.FlutterFirebaseCoreRegistrar"
84-->[:firebase_core] AndroidManifest.xml:12:17-124
85                android:value="com.google.firebase.components.ComponentRegistrar" />
85-->[:firebase_core] AndroidManifest.xml:13:17-82
86            <meta-data
86-->[com.google.firebase:firebase-auth:21.1.0] AndroidManifest.xml:67:13-69:85
87                android:name="com.google.firebase.components:com.google.firebase.auth.FirebaseAuthRegistrar"
87-->[com.google.firebase:firebase-auth:21.1.0] AndroidManifest.xml:68:17-109
88                android:value="com.google.firebase.components.ComponentRegistrar" />
88-->[com.google.firebase:firebase-auth:21.1.0] AndroidManifest.xml:69:17-82
89            <meta-data
89-->[com.google.firebase:firebase-firestore:24.4.1] AndroidManifest.xml:19:13-21:85
90                android:name="com.google.firebase.components:com.google.firebase.firestore.FirestoreRegistrar"
90-->[com.google.firebase:firebase-firestore:24.4.1] AndroidManifest.xml:20:17-111
91                android:value="com.google.firebase.components.ComponentRegistrar" />
91-->[com.google.firebase:firebase-firestore:24.4.1] AndroidManifest.xml:21:17-82
92            <meta-data
92-->[com.google.firebase:firebase-storage:20.1.0] AndroidManifest.xml:32:13-34:85
93                android:name="com.google.firebase.components:com.google.firebase.storage.StorageRegistrar"
93-->[com.google.firebase:firebase-storage:20.1.0] AndroidManifest.xml:33:17-107
94                android:value="com.google.firebase.components.ComponentRegistrar" />
94-->[com.google.firebase:firebase-storage:20.1.0] AndroidManifest.xml:34:17-82
95        </service>
96
97        <provider
97-->[:image_picker_android] AndroidManifest.xml:10:9-18:20
98            android:name="io.flutter.plugins.imagepicker.ImagePickerFileProvider"
98-->[:image_picker_android] AndroidManifest.xml:11:13-82
99            android:authorities="com.example.petbook.flutter.image_provider"
99-->[:image_picker_android] AndroidManifest.xml:12:13-74
100            android:exported="false"
100-->[:image_picker_android] AndroidManifest.xml:13:13-37
101            android:grantUriPermissions="true" >
101-->[:image_picker_android] AndroidManifest.xml:14:13-47
102            <meta-data
102-->[:image_picker_android] AndroidManifest.xml:15:13-17:75
103                android:name="android.support.FILE_PROVIDER_PATHS"
103-->[:image_picker_android] AndroidManifest.xml:16:17-67
104                android:resource="@xml/flutter_image_picker_file_paths" />
104-->[:image_picker_android] AndroidManifest.xml:17:17-72
105        </provider>
106
107        <uses-library
107-->[androidx.window:window:1.0.0-beta04] AndroidManifest.xml:25:9-27:40
108            android:name="androidx.window.extensions"
108-->[androidx.window:window:1.0.0-beta04] AndroidManifest.xml:26:13-54
109            android:required="false" />
109-->[androidx.window:window:1.0.0-beta04] AndroidManifest.xml:27:13-37
110        <uses-library
110-->[androidx.window:window:1.0.0-beta04] AndroidManifest.xml:28:9-30:40
111            android:name="androidx.window.sidecar"
111-->[androidx.window:window:1.0.0-beta04] AndroidManifest.xml:29:13-51
112            android:required="false" />
112-->[androidx.window:window:1.0.0-beta04] AndroidManifest.xml:30:13-37
113
114        <activity
114-->[com.google.firebase:firebase-auth:21.1.0] AndroidManifest.xml:27:9-44:20
115            android:name="com.google.firebase.auth.internal.GenericIdpActivity"
115-->[com.google.firebase:firebase-auth:21.1.0] AndroidManifest.xml:28:13-80
116            android:excludeFromRecents="true"
116-->[com.google.firebase:firebase-auth:21.1.0] AndroidManifest.xml:29:13-46
117            android:exported="true"
117-->[com.google.firebase:firebase-auth:21.1.0] AndroidManifest.xml:30:13-36
118            android:launchMode="singleTask"
118-->[com.google.firebase:firebase-auth:21.1.0] AndroidManifest.xml:31:13-44
119            android:theme="@android:style/Theme.Translucent.NoTitleBar" >
119-->[com.google.firebase:firebase-auth:21.1.0] AndroidManifest.xml:32:13-72
120            <intent-filter>
120-->[com.google.firebase:firebase-auth:21.1.0] AndroidManifest.xml:33:13-43:29
121                <action android:name="android.intent.action.VIEW" />
121-->[com.google.firebase:firebase-auth:21.1.0] AndroidManifest.xml:34:17-69
121-->[com.google.firebase:firebase-auth:21.1.0] AndroidManifest.xml:34:25-66
122
123                <category android:name="android.intent.category.DEFAULT" />
123-->[com.google.firebase:firebase-auth:21.1.0] AndroidManifest.xml:36:17-76
123-->[com.google.firebase:firebase-auth:21.1.0] AndroidManifest.xml:36:27-73
124                <category android:name="android.intent.category.BROWSABLE" />
124-->[com.google.firebase:firebase-auth:21.1.0] AndroidManifest.xml:37:17-78
124-->[com.google.firebase:firebase-auth:21.1.0] AndroidManifest.xml:37:27-75
125
126                <data
126-->[com.google.firebase:firebase-auth:21.1.0] AndroidManifest.xml:39:17-42:51
127                    android:host="firebase.auth"
127-->[com.google.firebase:firebase-auth:21.1.0] AndroidManifest.xml:40:21-49
128                    android:path="/"
128-->[com.google.firebase:firebase-auth:21.1.0] AndroidManifest.xml:41:21-37
129                    android:scheme="genericidp" />
129-->[com.google.firebase:firebase-auth:21.1.0] AndroidManifest.xml:42:21-48
130            </intent-filter>
131        </activity>
132        <activity
132-->[com.google.firebase:firebase-auth:21.1.0] AndroidManifest.xml:45:9-62:20
133            android:name="com.google.firebase.auth.internal.RecaptchaActivity"
133-->[com.google.firebase:firebase-auth:21.1.0] AndroidManifest.xml:46:13-79
134            android:excludeFromRecents="true"
134-->[com.google.firebase:firebase-auth:21.1.0] AndroidManifest.xml:47:13-46
135            android:exported="true"
135-->[com.google.firebase:firebase-auth:21.1.0] AndroidManifest.xml:48:13-36
136            android:launchMode="singleTask"
136-->[com.google.firebase:firebase-auth:21.1.0] AndroidManifest.xml:49:13-44
137            android:theme="@android:style/Theme.Translucent.NoTitleBar" >
137-->[com.google.firebase:firebase-auth:21.1.0] AndroidManifest.xml:50:13-72
138            <intent-filter>
138-->[com.google.firebase:firebase-auth:21.1.0] AndroidManifest.xml:51:13-61:29
139                <action android:name="android.intent.action.VIEW" />
139-->[com.google.firebase:firebase-auth:21.1.0] AndroidManifest.xml:34:17-69
139-->[com.google.firebase:firebase-auth:21.1.0] AndroidManifest.xml:34:25-66
140
141                <category android:name="android.intent.category.DEFAULT" />
141-->[com.google.firebase:firebase-auth:21.1.0] AndroidManifest.xml:36:17-76
141-->[com.google.firebase:firebase-auth:21.1.0] AndroidManifest.xml:36:27-73
142                <category android:name="android.intent.category.BROWSABLE" />
142-->[com.google.firebase:firebase-auth:21.1.0] AndroidManifest.xml:37:17-78
142-->[com.google.firebase:firebase-auth:21.1.0] AndroidManifest.xml:37:27-75
143
144                <data
144-->[com.google.firebase:firebase-auth:21.1.0] AndroidManifest.xml:39:17-42:51
145                    android:host="firebase.auth"
145-->[com.google.firebase:firebase-auth:21.1.0] AndroidManifest.xml:40:21-49
146                    android:path="/"
146-->[com.google.firebase:firebase-auth:21.1.0] AndroidManifest.xml:41:21-37
147                    android:scheme="recaptcha" />
147-->[com.google.firebase:firebase-auth:21.1.0] AndroidManifest.xml:42:21-48
148            </intent-filter>
149        </activity>
150
151        <provider
151-->[com.google.firebase:firebase-common:20.2.0] AndroidManifest.xml:25:9-30:39
152            android:name="com.google.firebase.provider.FirebaseInitProvider"
152-->[com.google.firebase:firebase-common:20.2.0] AndroidManifest.xml:26:13-77
153            android:authorities="com.example.petbook.firebaseinitprovider"
153-->[com.google.firebase:firebase-common:20.2.0] AndroidManifest.xml:27:13-72
154            android:directBootAware="true"
154-->[com.google.firebase:firebase-common:20.2.0] AndroidManifest.xml:28:13-43
155            android:exported="false"
155-->[com.google.firebase:firebase-common:20.2.0] AndroidManifest.xml:29:13-37
156            android:initOrder="100" /> <!-- Needs to be explicitly declared on P+ -->
156-->[com.google.firebase:firebase-common:20.2.0] AndroidManifest.xml:30:13-36
157        <uses-library
157-->[com.google.android.gms:play-services-maps:18.1.0] AndroidManifest.xml:39:9-41:40
158            android:name="org.apache.http.legacy"
158-->[com.google.android.gms:play-services-maps:18.1.0] AndroidManifest.xml:40:13-50
159            android:required="false" />
159-->[com.google.android.gms:play-services-maps:18.1.0] AndroidManifest.xml:41:13-37
160
161        <activity
161-->[com.google.android.gms:play-services-base:18.0.1] AndroidManifest.xml:20:9-22:45
162            android:name="com.google.android.gms.common.api.GoogleApiActivity"
162-->[com.google.android.gms:play-services-base:18.0.1] AndroidManifest.xml:20:19-85
163            android:exported="false"
163-->[com.google.android.gms:play-services-base:18.0.1] AndroidManifest.xml:22:19-43
164            android:theme="@android:style/Theme.Translucent.NoTitleBar" />
164-->[com.google.android.gms:play-services-base:18.0.1] AndroidManifest.xml:21:19-78
165
166        <meta-data
166-->[com.google.android.gms:play-services-basement:18.1.0] AndroidManifest.xml:21:9-23:69
167            android:name="com.google.android.gms.version"
167-->[com.google.android.gms:play-services-basement:18.1.0] AndroidManifest.xml:22:13-58
168            android:value="@integer/google_play_services_version" />
168-->[com.google.android.gms:play-services-basement:18.1.0] AndroidManifest.xml:23:13-66
169    </application>
170
171</manifest>